Performing C SOURCE FILE Test CMAKE_HAVE_LIBC_PTHREAD failed with the following output:
Change Dir: /mnt/e/Work/Spring 2021/Research Anurag/md-trie/build/CMakeFiles/CMakeTmp

Run Build Command(s):/usr/bin/make cmTC_dd1fe/fast && /usr/bin/make -f CMakeFiles/cmTC_dd1fe.dir/build.make CMakeFiles/cmTC_dd1fe.dir/build
make[1]: Entering directory '/mnt/e/Work/Spring 2021/Research Anurag/md-trie/build/CMakeFiles/CMakeTmp'
Building C object CMakeFiles/cmTC_dd1fe.dir/src.c.o
/usr/bin/cc   -DCMAKE_HAVE_LIBC_PTHREAD   -o CMakeFiles/cmTC_dd1fe.dir/src.c.o   -c "/mnt/e/Work/Spring 2021/Research Anurag/md-trie/build/CMakeFiles/CMakeTmp/src.c"
Linking C executable cmTC_dd1fe
/usr/bin/cmake -E cmake_link_script CMakeFiles/cmTC_dd1fe.dir/link.txt --verbose=1
/usr/bin/cc  -DCMAKE_HAVE_LIBC_PTHREAD    -rdynamic CMakeFiles/cmTC_dd1fe.dir/src.c.o  -o cmTC_dd1fe 
/usr/bin/ld: CMakeFiles/cmTC_dd1fe.dir/src.c.o: in function `main':
src.c:(.text+0x46): undefined reference to `pthread_create'
/usr/bin/ld: src.c:(.text+0x52): undefined reference to `pthread_detach'
/usr/bin/ld: src.c:(.text+0x63): undefined reference to `pthread_join'
collect2: error: ld returned 1 exit status
make[1]: *** [CMakeFiles/cmTC_dd1fe.dir/build.make:87: cmTC_dd1fe] Error 1
make[1]: Leaving directory '/mnt/e/Work/Spring 2021/Research Anurag/md-trie/build/CMakeFiles/CMakeTmp'
make: *** [Makefile:121: cmTC_dd1fe/fast] Error 2


Source file was:
#include <pthread.h>

void* test_func(void* data)
{
  return data;
}

int main(void)
{
  pthread_t thread;
  pthread_create(&thread, NULL, test_func, NULL);
  pthread_detach(thread);
  pthread_join(thread, NULL);
  pthread_atfork(NULL, NULL, NULL);
  pthread_exit(NULL);

  return 0;
}

Determining if the function pthread_create exists in the pthreads failed with the following output:
Change Dir: /mnt/e/Work/Spring 2021/Research Anurag/md-trie/build/CMakeFiles/CMakeTmp

Run Build Command(s):/usr/bin/make cmTC_eb099/fast && /usr/bin/make -f CMakeFiles/cmTC_eb099.dir/build.make CMakeFiles/cmTC_eb099.dir/build
make[1]: Entering directory '/mnt/e/Work/Spring 2021/Research Anurag/md-trie/build/CMakeFiles/CMakeTmp'
Building C object CMakeFiles/cmTC_eb099.dir/CheckFunctionExists.c.o
/usr/bin/cc   -DCHECK_FUNCTION_EXISTS=pthread_create   -o CMakeFiles/cmTC_eb099.dir/CheckFunctionExists.c.o   -c /usr/share/cmake-3.16/Modules/CheckFunctionExists.c
Linking C executable cmTC_eb099
/usr/bin/cmake -E cmake_link_script CMakeFiles/cmTC_eb099.dir/link.txt --verbose=1
/usr/bin/cc  -DCHECK_FUNCTION_EXISTS=pthread_create    -rdynamic CMakeFiles/cmTC_eb099.dir/CheckFunctionExists.c.o  -o cmTC_eb099  -lpthreads 
/usr/bin/ld: cannot find -lpthreads
collect2: error: ld returned 1 exit status
make[1]: *** [CMakeFiles/cmTC_eb099.dir/build.make:87: cmTC_eb099] Error 1
make[1]: Leaving directory '/mnt/e/Work/Spring 2021/Research Anurag/md-trie/build/CMakeFiles/CMakeTmp'
make: *** [Makefile:121: cmTC_eb099/fast] Error 2



